nm: numeros.numeros.c6f71676df76a7ff-cgu.0.rcgu.o: file format not recognized
nm: numeros.9ipf5us59a5ixblm4wbspnhdw.rcgu.o: file format not recognized
nm: std-b50d6517e0fd9463.std.53765df5d625d461-cgu.0.rcgu.o: file format not recognized
nm: panic_abort-10df544347be6f06.panic_abort.d7eb6c240190c3ee-cgu.0.rcgu.o: file format not recognized
nm: dlmalloc-0ff646270b660f0a.dlmalloc.6f09f82a92e164d7-cgu.0.rcgu.o: file format not recognized
nm: rustc_demangle-b89aa78e8d1a0461.rustc_demangle.d208ded784f85d96-cgu.0.rcgu.o: file format not recognized
nm: std_detect-149f9fcf5d4e3de0.std_detect.82482f36f011c250-cgu.0.rcgu.o: file format not recognized
nm: hashbrown-6eb30aa37dd4c431.hashbrown.80e62b3163ca4ab5-cgu.0.rcgu.o: file format not recognized
nm: rustc_std_workspace_alloc-13fa5e853fc1ceb2.rustc_std_workspace_alloc.52f39d8aaa13e87b-cgu.0.rcgu.o: file format not recognized
nm: miniz_oxide-5fd9c9f88c5cf6ae.miniz_oxide.2225deee51d6844c-cgu.0.rcgu.o: file format not recognized
nm: adler2-733aa475a769dd36.adler2.349e64706263e8d1-cgu.0.rcgu.o: file format not recognized
nm: unwind-ea58b373f3cba01e.unwind.c9f788dbd6b273fc-cgu.0.rcgu.o: file format not recognized
nm: cfg_if-1287c5ddfb68988f.cfg_if.85fe7ac088782ee1-cgu.0.rcgu.o: file format not recognized
nm: libc-5ccf685ebfa7d8a6.libc.4ccbed2de9914cfa-cgu.0.rcgu.o: file format not recognized
nm: rustc_std_workspace_core-e0b01b6f65e0bb7c.rustc_std_workspace_core.4844e5f4cb9cac82-cgu.0.rcgu.o: file format not recognized
nm: alloc-a33843bc0a74256f.alloc.f98a8c0f64178361-cgu.0.rcgu.o: file format not recognized
nm: core-413703d31ea26aba.core.67eef94b2ae101e3-cgu.0.rcgu.o: file format not recognized
nm: compiler_builtins-f1fb81b72d646848.compiler_builtins.30cbfbf4ef685395-cgu.000.rcgu.o: file format not recognized
nm: compiler_builtins-f1fb81b72d646848.compiler_builtins.30cbfbf4ef685395-cgu.001.rcgu.o: file format not recognized
nm: compiler_builtins-f1fb81b72d646848.compiler_builtins.30cbfbf4ef685395-cgu.002.rcgu.o: file format not recognized
nm: compiler_builtins-f1fb81b72d646848.compiler_builtins.30cbfbf4ef685395-cgu.003.rcgu.o: file format not recognized
nm: compiler_builtins-f1fb81b72d646848.compiler_builtins.30cbfbf4ef685395-cgu.004.rcgu.o: file format not recognized
nm: compiler_builtins-f1fb81b72d646848.compiler_builtins.30cbfbf4ef685395-cgu.005.rcgu.o: file format not recognized
nm: compiler_builtins-f1fb81b72d646848.compiler_builtins.30cbfbf4ef685395-cgu.006.rcgu.o: file format not recognized
nm: compiler_builtins-f1fb81b72d646848.compiler_builtins.30cbfbf4ef685395-cgu.007.rcgu.o: file format not recognized
nm: compiler_builtins-f1fb81b72d646848.compiler_builtins.30cbfbf4ef685395-cgu.008.rcgu.o: file format not recognized
nm: compiler_builtins-f1fb81b72d646848.compiler_builtins.30cbfbf4ef685395-cgu.009.rcgu.o: file format not recognized
nm: compiler_builtins-f1fb81b72d646848.compiler_builtins.30cbfbf4ef685395-cgu.010.rcgu.o: file format not recognized
nm: compiler_builtins-f1fb81b72d646848.compiler_builtins.30cbfbf4ef685395-cgu.011.rcgu.o: file format not recognized
nm: compiler_builtins-f1fb81b72d646848.compiler_builtins.30cbfbf4ef685395-cgu.012.rcgu.o: file format not recognized
nm: compiler_builtins-f1fb81b72d646848.compiler_builtins.30cbfbf4ef685395-cgu.013.rcgu.o: file format not recognized
nm: compiler_builtins-f1fb81b72d646848.compiler_builtins.30cbfbf4ef685395-cgu.014.rcgu.o: file format not recognized
nm: compiler_builtins-f1fb81b72d646848.compiler_builtins.30cbfbf4ef685395-cgu.015.rcgu.o: file format not recognized
nm: compiler_builtins-f1fb81b72d646848.compiler_builtins.30cbfbf4ef685395-cgu.016.rcgu.o: file format not recognized
nm: compiler_builtins-f1fb81b72d646848.compiler_builtins.30cbfbf4ef685395-cgu.017.rcgu.o: file format not recognized
nm: compiler_builtins-f1fb81b72d646848.compiler_builtins.30cbfbf4ef685395-cgu.018.rcgu.o: file format not recognized
nm: compiler_builtins-f1fb81b72d646848.compiler_builtins.30cbfbf4ef685395-cgu.019.rcgu.o: file format not recognized
nm: compiler_builtins-f1fb81b72d646848.compiler_builtins.30cbfbf4ef685395-cgu.020.rcgu.o: file format not recognized
nm: compiler_builtins-f1fb81b72d646848.compiler_builtins.30cbfbf4ef685395-cgu.021.rcgu.o: file format not recognized
nm: compiler_builtins-f1fb81b72d646848.compiler_builtins.30cbfbf4ef685395-cgu.022.rcgu.o: file format not recognized
nm: compiler_builtins-f1fb81b72d646848.compiler_builtins.30cbfbf4ef685395-cgu.023.rcgu.o: file format not recognized
nm: compiler_builtins-f1fb81b72d646848.compiler_builtins.30cbfbf4ef685395-cgu.024.rcgu.o: file format not recognized
nm: compiler_builtins-f1fb81b72d646848.compiler_builtins.30cbfbf4ef685395-cgu.025.rcgu.o: file format not recognized
nm: compiler_builtins-f1fb81b72d646848.compiler_builtins.30cbfbf4ef685395-cgu.026.rcgu.o: file format not recognized
nm: compiler_builtins-f1fb81b72d646848.compiler_builtins.30cbfbf4ef685395-cgu.027.rcgu.o: file format not recognized
nm: compiler_builtins-f1fb81b72d646848.compiler_builtins.30cbfbf4ef685395-cgu.028.rcgu.o: file format not recognized
nm: compiler_builtins-f1fb81b72d646848.compiler_builtins.30cbfbf4ef685395-cgu.029.rcgu.o: file format not recognized
nm: compiler_builtins-f1fb81b72d646848.compiler_builtins.30cbfbf4ef685395-cgu.030.rcgu.o: file format not recognized
nm: compiler_builtins-f1fb81b72d646848.compiler_builtins.30cbfbf4ef685395-cgu.031.rcgu.o: file format not recognized
nm: compiler_builtins-f1fb81b72d646848.compiler_builtins.30cbfbf4ef685395-cgu.032.rcgu.o: file format not recognized
nm: compiler_builtins-f1fb81b72d646848.compiler_builtins.30cbfbf4ef685395-cgu.033.rcgu.o: file format not recognized
nm: compiler_builtins-f1fb81b72d646848.compiler_builtins.30cbfbf4ef685395-cgu.034.rcgu.o: file format not recognized
nm: compiler_builtins-f1fb81b72d646848.compiler_builtins.30cbfbf4ef685395-cgu.035.rcgu.o: file format not recognized
nm: compiler_builtins-f1fb81b72d646848.compiler_builtins.30cbfbf4ef685395-cgu.036.rcgu.o: file format not recognized
nm: compiler_builtins-f1fb81b72d646848.compiler_builtins.30cbfbf4ef685395-cgu.037.rcgu.o: file format not recognized
nm: compiler_builtins-f1fb81b72d646848.compiler_builtins.30cbfbf4ef685395-cgu.038.rcgu.o: file format not recognized
nm: compiler_builtins-f1fb81b72d646848.compiler_builtins.30cbfbf4ef685395-cgu.039.rcgu.o: file format not recognized
nm: compiler_builtins-f1fb81b72d646848.compiler_builtins.30cbfbf4ef685395-cgu.040.rcgu.o: file format not recognized
nm: compiler_builtins-f1fb81b72d646848.compiler_builtins.30cbfbf4ef685395-cgu.041.rcgu.o: file format not recognized
nm: compiler_builtins-f1fb81b72d646848.compiler_builtins.30cbfbf4ef685395-cgu.042.rcgu.o: file format not recognized
nm: compiler_builtins-f1fb81b72d646848.compiler_builtins.30cbfbf4ef685395-cgu.043.rcgu.o: file format not recognized
nm: compiler_builtins-f1fb81b72d646848.compiler_builtins.30cbfbf4ef685395-cgu.044.rcgu.o: file format not recognized
nm: compiler_builtins-f1fb81b72d646848.compiler_builtins.30cbfbf4ef685395-cgu.045.rcgu.o: file format not recognized
nm: compiler_builtins-f1fb81b72d646848.compiler_builtins.30cbfbf4ef685395-cgu.046.rcgu.o: file format not recognized
nm: compiler_builtins-f1fb81b72d646848.compiler_builtins.30cbfbf4ef685395-cgu.047.rcgu.o: file format not recognized
nm: compiler_builtins-f1fb81b72d646848.compiler_builtins.30cbfbf4ef685395-cgu.048.rcgu.o: file format not recognized
nm: compiler_builtins-f1fb81b72d646848.compiler_builtins.30cbfbf4ef685395-cgu.049.rcgu.o: file format not recognized
nm: compiler_builtins-f1fb81b72d646848.compiler_builtins.30cbfbf4ef685395-cgu.050.rcgu.o: file format not recognized
nm: compiler_builtins-f1fb81b72d646848.compiler_builtins.30cbfbf4ef685395-cgu.051.rcgu.o: file format not recognized
nm: compiler_builtins-f1fb81b72d646848.compiler_builtins.30cbfbf4ef685395-cgu.052.rcgu.o: file format not recognized
nm: compiler_builtins-f1fb81b72d646848.compiler_builtins.30cbfbf4ef685395-cgu.053.rcgu.o: file format not recognized
nm: compiler_builtins-f1fb81b72d646848.compiler_builtins.30cbfbf4ef685395-cgu.054.rcgu.o: file format not recognized
nm: compiler_builtins-f1fb81b72d646848.compiler_builtins.30cbfbf4ef685395-cgu.055.rcgu.o: file format not recognized
nm: compiler_builtins-f1fb81b72d646848.compiler_builtins.30cbfbf4ef685395-cgu.056.rcgu.o: file format not recognized
nm: compiler_builtins-f1fb81b72d646848.compiler_builtins.30cbfbf4ef685395-cgu.057.rcgu.o: file format not recognized
nm: compiler_builtins-f1fb81b72d646848.compiler_builtins.30cbfbf4ef685395-cgu.058.rcgu.o: file format not recognized
nm: compiler_builtins-f1fb81b72d646848.compiler_builtins.30cbfbf4ef685395-cgu.059.rcgu.o: file format not recognized
nm: compiler_builtins-f1fb81b72d646848.compiler_builtins.30cbfbf4ef685395-cgu.060.rcgu.o: file format not recognized
nm: compiler_builtins-f1fb81b72d646848.compiler_builtins.30cbfbf4ef685395-cgu.061.rcgu.o: file format not recognized
nm: compiler_builtins-f1fb81b72d646848.compiler_builtins.30cbfbf4ef685395-cgu.062.rcgu.o: file format not recognized
nm: compiler_builtins-f1fb81b72d646848.compiler_builtins.30cbfbf4ef685395-cgu.063.rcgu.o: file format not recognized
nm: compiler_builtins-f1fb81b72d646848.compiler_builtins.30cbfbf4ef685395-cgu.064.rcgu.o: file format not recognized
nm: compiler_builtins-f1fb81b72d646848.compiler_builtins.30cbfbf4ef685395-cgu.065.rcgu.o: file format not recognized
nm: compiler_builtins-f1fb81b72d646848.compiler_builtins.30cbfbf4ef685395-cgu.066.rcgu.o: file format not recognized
nm: compiler_builtins-f1fb81b72d646848.compiler_builtins.30cbfbf4ef685395-cgu.067.rcgu.o: file format not recognized
nm: compiler_builtins-f1fb81b72d646848.compiler_builtins.30cbfbf4ef685395-cgu.068.rcgu.o: file format not recognized
nm: compiler_builtins-f1fb81b72d646848.compiler_builtins.30cbfbf4ef685395-cgu.069.rcgu.o: file format not recognized
nm: compiler_builtins-f1fb81b72d646848.compiler_builtins.30cbfbf4ef685395-cgu.070.rcgu.o: file format not recognized
nm: compiler_builtins-f1fb81b72d646848.compiler_builtins.30cbfbf4ef685395-cgu.071.rcgu.o: file format not recognized
nm: compiler_builtins-f1fb81b72d646848.compiler_builtins.30cbfbf4ef685395-cgu.072.rcgu.o: file format not recognized
nm: compiler_builtins-f1fb81b72d646848.compiler_builtins.30cbfbf4ef685395-cgu.073.rcgu.o: file format not recognized
nm: compiler_builtins-f1fb81b72d646848.compiler_builtins.30cbfbf4ef685395-cgu.074.rcgu.o: file format not recognized
nm: compiler_builtins-f1fb81b72d646848.compiler_builtins.30cbfbf4ef685395-cgu.075.rcgu.o: file format not recognized
nm: compiler_builtins-f1fb81b72d646848.compiler_builtins.30cbfbf4ef685395-cgu.076.rcgu.o: file format not recognized
nm: compiler_builtins-f1fb81b72d646848.compiler_builtins.30cbfbf4ef685395-cgu.077.rcgu.o: file format not recognized
nm: compiler_builtins-f1fb81b72d646848.compiler_builtins.30cbfbf4ef685395-cgu.078.rcgu.o: file format not recognized
nm: compiler_builtins-f1fb81b72d646848.compiler_builtins.30cbfbf4ef685395-cgu.079.rcgu.o: file format not recognized
nm: compiler_builtins-f1fb81b72d646848.compiler_builtins.30cbfbf4ef685395-cgu.080.rcgu.o: file format not recognized
nm: compiler_builtins-f1fb81b72d646848.compiler_builtins.30cbfbf4ef685395-cgu.081.rcgu.o: file format not recognized
nm: compiler_builtins-f1fb81b72d646848.compiler_builtins.30cbfbf4ef685395-cgu.082.rcgu.o: file format not recognized
nm: compiler_builtins-f1fb81b72d646848.compiler_builtins.30cbfbf4ef685395-cgu.083.rcgu.o: file format not recognized
nm: compiler_builtins-f1fb81b72d646848.compiler_builtins.30cbfbf4ef685395-cgu.084.rcgu.o: file format not recognized
nm: compiler_builtins-f1fb81b72d646848.compiler_builtins.30cbfbf4ef685395-cgu.085.rcgu.o: file format not recognized
nm: compiler_builtins-f1fb81b72d646848.compiler_builtins.30cbfbf4ef685395-cgu.086.rcgu.o: file format not recognized
nm: compiler_builtins-f1fb81b72d646848.compiler_builtins.30cbfbf4ef685395-cgu.087.rcgu.o: file format not recognized
nm: compiler_builtins-f1fb81b72d646848.compiler_builtins.30cbfbf4ef685395-cgu.088.rcgu.o: file format not recognized
nm: compiler_builtins-f1fb81b72d646848.compiler_builtins.30cbfbf4ef685395-cgu.089.rcgu.o: file format not recognized
nm: compiler_builtins-f1fb81b72d646848.compiler_builtins.30cbfbf4ef685395-cgu.090.rcgu.o: file format not recognized
nm: compiler_builtins-f1fb81b72d646848.compiler_builtins.30cbfbf4ef685395-cgu.091.rcgu.o: file format not recognized
nm: compiler_builtins-f1fb81b72d646848.compiler_builtins.30cbfbf4ef685395-cgu.092.rcgu.o: file format not recognized
nm: compiler_builtins-f1fb81b72d646848.compiler_builtins.30cbfbf4ef685395-cgu.093.rcgu.o: file format not recognized
nm: compiler_builtins-f1fb81b72d646848.compiler_builtins.30cbfbf4ef685395-cgu.094.rcgu.o: file format not recognized
nm: compiler_builtins-f1fb81b72d646848.compiler_builtins.30cbfbf4ef685395-cgu.095.rcgu.o: file format not recognized
nm: compiler_builtins-f1fb81b72d646848.compiler_builtins.30cbfbf4ef685395-cgu.096.rcgu.o: file format not recognized
nm: compiler_builtins-f1fb81b72d646848.compiler_builtins.30cbfbf4ef685395-cgu.097.rcgu.o: file format not recognized
nm: compiler_builtins-f1fb81b72d646848.compiler_builtins.30cbfbf4ef685395-cgu.098.rcgu.o: file format not recognized
nm: compiler_builtins-f1fb81b72d646848.compiler_builtins.30cbfbf4ef685395-cgu.099.rcgu.o: file format not recognized
nm: compiler_builtins-f1fb81b72d646848.compiler_builtins.30cbfbf4ef685395-cgu.100.rcgu.o: file format not recognized
nm: compiler_builtins-f1fb81b72d646848.compiler_builtins.30cbfbf4ef685395-cgu.101.rcgu.o: file format not recognized
nm: compiler_builtins-f1fb81b72d646848.compiler_builtins.30cbfbf4ef685395-cgu.102.rcgu.o: file format not recognized
nm: compiler_builtins-f1fb81b72d646848.compiler_builtins.30cbfbf4ef685395-cgu.103.rcgu.o: file format not recognized
nm: compiler_builtins-f1fb81b72d646848.compiler_builtins.30cbfbf4ef685395-cgu.104.rcgu.o: file format not recognized
nm: compiler_builtins-f1fb81b72d646848.compiler_builtins.30cbfbf4ef685395-cgu.105.rcgu.o: file format not recognized
nm: compiler_builtins-f1fb81b72d646848.compiler_builtins.30cbfbf4ef685395-cgu.106.rcgu.o: file format not recognized
nm: compiler_builtins-f1fb81b72d646848.compiler_builtins.30cbfbf4ef685395-cgu.107.rcgu.o: file format not recognized
nm: compiler_builtins-f1fb81b72d646848.compiler_builtins.30cbfbf4ef685395-cgu.108.rcgu.o: file format not recognized
nm: compiler_builtins-f1fb81b72d646848.compiler_builtins.30cbfbf4ef685395-cgu.109.rcgu.o: file format not recognized
nm: compiler_builtins-f1fb81b72d646848.compiler_builtins.30cbfbf4ef685395-cgu.110.rcgu.o: file format not recognized
nm: compiler_builtins-f1fb81b72d646848.compiler_builtins.30cbfbf4ef685395-cgu.111.rcgu.o: file format not recognized
nm: compiler_builtins-f1fb81b72d646848.compiler_builtins.30cbfbf4ef685395-cgu.112.rcgu.o: file format not recognized
nm: compiler_builtins-f1fb81b72d646848.compiler_builtins.30cbfbf4ef685395-cgu.113.rcgu.o: file format not recognized
nm: compiler_builtins-f1fb81b72d646848.compiler_builtins.30cbfbf4ef685395-cgu.114.rcgu.o: file format not recognized
nm: compiler_builtins-f1fb81b72d646848.compiler_builtins.30cbfbf4ef685395-cgu.115.rcgu.o: file format not recognized
nm: compiler_builtins-f1fb81b72d646848.compiler_builtins.30cbfbf4ef685395-cgu.116.rcgu.o: file format not recognized
nm: compiler_builtins-f1fb81b72d646848.compiler_builtins.30cbfbf4ef685395-cgu.117.rcgu.o: file format not recognized
nm: compiler_builtins-f1fb81b72d646848.compiler_builtins.30cbfbf4ef685395-cgu.118.rcgu.o: file format not recognized
nm: compiler_builtins-f1fb81b72d646848.compiler_builtins.30cbfbf4ef685395-cgu.119.rcgu.o: file format not recognized
nm: compiler_builtins-f1fb81b72d646848.compiler_builtins.30cbfbf4ef685395-cgu.120.rcgu.o: file format not recognized
nm: compiler_builtins-f1fb81b72d646848.compiler_builtins.30cbfbf4ef685395-cgu.121.rcgu.o: file format not recognized
nm: compiler_builtins-f1fb81b72d646848.compiler_builtins.30cbfbf4ef685395-cgu.122.rcgu.o: file format not recognized
nm: compiler_builtins-f1fb81b72d646848.compiler_builtins.30cbfbf4ef685395-cgu.123.rcgu.o: file format not recognized
nm: compiler_builtins-f1fb81b72d646848.compiler_builtins.30cbfbf4ef685395-cgu.124.rcgu.o: file format not recognized
nm: compiler_builtins-f1fb81b72d646848.compiler_builtins.30cbfbf4ef685395-cgu.125.rcgu.o: file format not recognized
nm: compiler_builtins-f1fb81b72d646848.compiler_builtins.30cbfbf4ef685395-cgu.126.rcgu.o: file format not recognized
nm: compiler_builtins-f1fb81b72d646848.compiler_builtins.30cbfbf4ef685395-cgu.127.rcgu.o: file format not recognized
nm: compiler_builtins-f1fb81b72d646848.compiler_builtins.30cbfbf4ef685395-cgu.128.rcgu.o: file format not recognized
nm: compiler_builtins-f1fb81b72d646848.compiler_builtins.30cbfbf4ef685395-cgu.129.rcgu.o: file format not recognized
nm: compiler_builtins-f1fb81b72d646848.compiler_builtins.30cbfbf4ef685395-cgu.130.rcgu.o: file format not recognized
nm: compiler_builtins-f1fb81b72d646848.compiler_builtins.30cbfbf4ef685395-cgu.131.rcgu.o: file format not recognized
nm: compiler_builtins-f1fb81b72d646848.compiler_builtins.30cbfbf4ef685395-cgu.132.rcgu.o: file format not recognized
nm: compiler_builtins-f1fb81b72d646848.compiler_builtins.30cbfbf4ef685395-cgu.133.rcgu.o: file format not recognized
nm: compiler_builtins-f1fb81b72d646848.compiler_builtins.30cbfbf4ef685395-cgu.134.rcgu.o: file format not recognized
nm: compiler_builtins-f1fb81b72d646848.compiler_builtins.30cbfbf4ef685395-cgu.135.rcgu.o: file format not recognized
nm: compiler_builtins-f1fb81b72d646848.compiler_builtins.30cbfbf4ef685395-cgu.136.rcgu.o: file format not recognized
nm: compiler_builtins-f1fb81b72d646848.compiler_builtins.30cbfbf4ef685395-cgu.137.rcgu.o: file format not recognized
nm: compiler_builtins-f1fb81b72d646848.compiler_builtins.30cbfbf4ef685395-cgu.138.rcgu.o: file format not recognized
nm: compiler_builtins-f1fb81b72d646848.compiler_builtins.30cbfbf4ef685395-cgu.139.rcgu.o: file format not recognized
nm: compiler_builtins-f1fb81b72d646848.compiler_builtins.30cbfbf4ef685395-cgu.140.rcgu.o: file format not recognized
nm: compiler_builtins-f1fb81b72d646848.compiler_builtins.30cbfbf4ef685395-cgu.141.rcgu.o: file format not recognized
nm: compiler_builtins-f1fb81b72d646848.compiler_builtins.30cbfbf4ef685395-cgu.142.rcgu.o: file format not recognized
nm: compiler_builtins-f1fb81b72d646848.compiler_builtins.30cbfbf4ef685395-cgu.143.rcgu.o: file format not recognized
nm: compiler_builtins-f1fb81b72d646848.compiler_builtins.30cbfbf4ef685395-cgu.144.rcgu.o: file format not recognized
nm: compiler_builtins-f1fb81b72d646848.compiler_builtins.30cbfbf4ef685395-cgu.145.rcgu.o: file format not recognized
nm: compiler_builtins-f1fb81b72d646848.compiler_builtins.30cbfbf4ef685395-cgu.146.rcgu.o: file format not recognized
nm: compiler_builtins-f1fb81b72d646848.compiler_builtins.30cbfbf4ef685395-cgu.147.rcgu.o: file format not recognized
nm: compiler_builtins-f1fb81b72d646848.compiler_builtins.30cbfbf4ef685395-cgu.148.rcgu.o: file format not recognized
nm: compiler_builtins-f1fb81b72d646848.compiler_builtins.30cbfbf4ef685395-cgu.149.rcgu.o: file format not recognized
nm: compiler_builtins-f1fb81b72d646848.compiler_builtins.30cbfbf4ef685395-cgu.150.rcgu.o: file format not recognized
nm: compiler_builtins-f1fb81b72d646848.compiler_builtins.30cbfbf4ef685395-cgu.151.rcgu.o: file format not recognized
nm: compiler_builtins-f1fb81b72d646848.compiler_builtins.30cbfbf4ef685395-cgu.152.rcgu.o: file format not recognized
nm: compiler_builtins-f1fb81b72d646848.compiler_builtins.30cbfbf4ef685395-cgu.153.rcgu.o: file format not recognized
nm: compiler_builtins-f1fb81b72d646848.compiler_builtins.30cbfbf4ef685395-cgu.154.rcgu.o: file format not recognized
nm: compiler_builtins-f1fb81b72d646848.compiler_builtins.30cbfbf4ef685395-cgu.155.rcgu.o: file format not recognized
nm: compiler_builtins-f1fb81b72d646848.compiler_builtins.30cbfbf4ef685395-cgu.156.rcgu.o: file format not recognized
nm: compiler_builtins-f1fb81b72d646848.compiler_builtins.30cbfbf4ef685395-cgu.157.rcgu.o: file format not recognized
nm: compiler_builtins-f1fb81b72d646848.compiler_builtins.30cbfbf4ef685395-cgu.158.rcgu.o: file format not recognized
nm: compiler_builtins-f1fb81b72d646848.compiler_builtins.30cbfbf4ef685395-cgu.159.rcgu.o: file format not recognized
nm: compiler_builtins-f1fb81b72d646848.compiler_builtins.30cbfbf4ef685395-cgu.160.rcgu.o: file format not recognized
nm: compiler_builtins-f1fb81b72d646848.compiler_builtins.30cbfbf4ef685395-cgu.161.rcgu.o: file format not recognized
nm: compiler_builtins-f1fb81b72d646848.compiler_builtins.30cbfbf4ef685395-cgu.162.rcgu.o: file format not recognized
nm: compiler_builtins-f1fb81b72d646848.compiler_builtins.30cbfbf4ef685395-cgu.163.rcgu.o: file format not recognized
nm: compiler_builtins-f1fb81b72d646848.compiler_builtins.30cbfbf4ef685395-cgu.164.rcgu.o: file format not recognized
nm: compiler_builtins-f1fb81b72d646848.compiler_builtins.30cbfbf4ef685395-cgu.165.rcgu.o: file format not recognized
nm: compiler_builtins-f1fb81b72d646848.compiler_builtins.30cbfbf4ef685395-cgu.166.rcgu.o: file format not recognized
nm: compiler_builtins-f1fb81b72d646848.compiler_builtins.30cbfbf4ef685395-cgu.167.rcgu.o: file format not recognized
nm: compiler_builtins-f1fb81b72d646848.compiler_builtins.30cbfbf4ef685395-cgu.168.rcgu.o: file format not recognized
nm: compiler_builtins-f1fb81b72d646848.compiler_builtins.30cbfbf4ef685395-cgu.169.rcgu.o: file format not recognized
nm: compiler_builtins-f1fb81b72d646848.compiler_builtins.30cbfbf4ef685395-cgu.170.rcgu.o: file format not recognized
nm: compiler_builtins-f1fb81b72d646848.compiler_builtins.30cbfbf4ef685395-cgu.171.rcgu.o: file format not recognized
nm: compiler_builtins-f1fb81b72d646848.compiler_builtins.30cbfbf4ef685395-cgu.172.rcgu.o: file format not recognized
nm: compiler_builtins-f1fb81b72d646848.compiler_builtins.30cbfbf4ef685395-cgu.173.rcgu.o: file format not recognized
nm: compiler_builtins-f1fb81b72d646848.compiler_builtins.30cbfbf4ef685395-cgu.174.rcgu.o: file format not recognized
nm: compiler_builtins-f1fb81b72d646848.compiler_builtins.30cbfbf4ef685395-cgu.175.rcgu.o: file format not recognized
nm: compiler_builtins-f1fb81b72d646848.compiler_builtins.30cbfbf4ef685395-cgu.176.rcgu.o: file format not recognized
nm: compiler_builtins-f1fb81b72d646848.compiler_builtins.30cbfbf4ef685395-cgu.177.rcgu.o: file format not recognized
nm: compiler_builtins-f1fb81b72d646848.compiler_builtins.30cbfbf4ef685395-cgu.178.rcgu.o: file format not recognized
nm: compiler_builtins-f1fb81b72d646848.compiler_builtins.30cbfbf4ef685395-cgu.179.rcgu.o: file format not recognized
nm: compiler_builtins-f1fb81b72d646848.compiler_builtins.30cbfbf4ef685395-cgu.180.rcgu.o: file format not recognized
nm: compiler_builtins-f1fb81b72d646848.compiler_builtins.30cbfbf4ef685395-cgu.181.rcgu.o: file format not recognized
nm: compiler_builtins-f1fb81b72d646848.compiler_builtins.30cbfbf4ef685395-cgu.182.rcgu.o: file format not recognized
nm: compiler_builtins-f1fb81b72d646848.compiler_builtins.30cbfbf4ef685395-cgu.183.rcgu.o: file format not recognized
nm: compiler_builtins-f1fb81b72d646848.compiler_builtins.30cbfbf4ef685395-cgu.184.rcgu.o: file format not recognized
nm: compiler_builtins-f1fb81b72d646848.compiler_builtins.30cbfbf4ef685395-cgu.185.rcgu.o: file format not recognized
nm: compiler_builtins-f1fb81b72d646848.compiler_builtins.30cbfbf4ef685395-cgu.186.rcgu.o: file format not recognized
nm: compiler_builtins-f1fb81b72d646848.compiler_builtins.30cbfbf4ef685395-cgu.187.rcgu.o: file format not recognized
nm: compiler_builtins-f1fb81b72d646848.compiler_builtins.30cbfbf4ef685395-cgu.188.rcgu.o: file format not recognized
nm: compiler_builtins-f1fb81b72d646848.compiler_builtins.30cbfbf4ef685395-cgu.189.rcgu.o: file format not recognized
nm: compiler_builtins-f1fb81b72d646848.compiler_builtins.30cbfbf4ef685395-cgu.190.rcgu.o: file format not recognized
nm: compiler_builtins-f1fb81b72d646848.compiler_builtins.30cbfbf4ef685395-cgu.191.rcgu.o: file format not recognized
nm: compiler_builtins-f1fb81b72d646848.compiler_builtins.30cbfbf4ef685395-cgu.192.rcgu.o: file format not recognized
nm: compiler_builtins-f1fb81b72d646848.compiler_builtins.30cbfbf4ef685395-cgu.193.rcgu.o: file format not recognized
nm: compiler_builtins-f1fb81b72d646848.compiler_builtins.30cbfbf4ef685395-cgu.194.rcgu.o: file format not recognized
nm: compiler_builtins-f1fb81b72d646848.compiler_builtins.30cbfbf4ef685395-cgu.195.rcgu.o: file format not recognized
nm: compiler_builtins-f1fb81b72d646848.compiler_builtins.30cbfbf4ef685395-cgu.196.rcgu.o: file format not recognized
nm: compiler_builtins-f1fb81b72d646848.compiler_builtins.30cbfbf4ef685395-cgu.197.rcgu.o: file format not recognized
nm: compiler_builtins-f1fb81b72d646848.compiler_builtins.30cbfbf4ef685395-cgu.198.rcgu.o: file format not recognized
nm: compiler_builtins-f1fb81b72d646848.compiler_builtins.30cbfbf4ef685395-cgu.199.rcgu.o: file format not recognized
nm: compiler_builtins-f1fb81b72d646848.compiler_builtins.30cbfbf4ef685395-cgu.200.rcgu.o: file format not recognized
nm: compiler_builtins-f1fb81b72d646848.compiler_builtins.30cbfbf4ef685395-cgu.201.rcgu.o: file format not recognized
nm: compiler_builtins-f1fb81b72d646848.compiler_builtins.30cbfbf4ef685395-cgu.202.rcgu.o: file format not recognized
nm: compiler_builtins-f1fb81b72d646848.compiler_builtins.30cbfbf4ef685395-cgu.203.rcgu.o: file format not recognized
nm: compiler_builtins-f1fb81b72d646848.compiler_builtins.30cbfbf4ef685395-cgu.204.rcgu.o: file format not recognized
nm: compiler_builtins-f1fb81b72d646848.compiler_builtins.30cbfbf4ef685395-cgu.205.rcgu.o: file format not recognized
nm: compiler_builtins-f1fb81b72d646848.compiler_builtins.30cbfbf4ef685395-cgu.206.rcgu.o: file format not recognized
nm: compiler_builtins-f1fb81b72d646848.compiler_builtins.30cbfbf4ef685395-cgu.207.rcgu.o: file format not recognized
nm: compiler_builtins-f1fb81b72d646848.compiler_builtins.30cbfbf4ef685395-cgu.208.rcgu.o: file format not recognized
nm: compiler_builtins-f1fb81b72d646848.compiler_builtins.30cbfbf4ef685395-cgu.209.rcgu.o: file format not recognized
nm: compiler_builtins-f1fb81b72d646848.compiler_builtins.30cbfbf4ef685395-cgu.210.rcgu.o: file format not recognized
nm: compiler_builtins-f1fb81b72d646848.compiler_builtins.30cbfbf4ef685395-cgu.211.rcgu.o: file format not recognized
nm: compiler_builtins-f1fb81b72d646848.compiler_builtins.30cbfbf4ef685395-cgu.212.rcgu.o: file format not recognized
nm: compiler_builtins-f1fb81b72d646848.compiler_builtins.30cbfbf4ef685395-cgu.213.rcgu.o: file format not recognized
nm: compiler_builtins-f1fb81b72d646848.compiler_builtins.30cbfbf4ef685395-cgu.214.rcgu.o: file format not recognized
nm: compiler_builtins-f1fb81b72d646848.compiler_builtins.30cbfbf4ef685395-cgu.215.rcgu.o: file format not recognized
nm: compiler_builtins-f1fb81b72d646848.compiler_builtins.30cbfbf4ef685395-cgu.216.rcgu.o: file format not recognized
nm: compiler_builtins-f1fb81b72d646848.compiler_builtins.30cbfbf4ef685395-cgu.217.rcgu.o: file format not recognized
nm: compiler_builtins-f1fb81b72d646848.compiler_builtins.30cbfbf4ef685395-cgu.218.rcgu.o: file format not recognized
nm: compiler_builtins-f1fb81b72d646848.compiler_builtins.30cbfbf4ef685395-cgu.219.rcgu.o: file format not recognized
nm: compiler_builtins-f1fb81b72d646848.compiler_builtins.30cbfbf4ef685395-cgu.220.rcgu.o: file format not recognized
nm: compiler_builtins-f1fb81b72d646848.compiler_builtins.30cbfbf4ef685395-cgu.221.rcgu.o: file format not recognized
nm: compiler_builtins-f1fb81b72d646848.compiler_builtins.30cbfbf4ef685395-cgu.222.rcgu.o: file format not recognized
nm: compiler_builtins-f1fb81b72d646848.compiler_builtins.30cbfbf4ef685395-cgu.223.rcgu.o: file format not recognized
nm: compiler_builtins-f1fb81b72d646848.compiler_builtins.30cbfbf4ef685395-cgu.224.rcgu.o: file format not recognized
nm: compiler_builtins-f1fb81b72d646848.compiler_builtins.30cbfbf4ef685395-cgu.225.rcgu.o: file format not recognized
nm: compiler_builtins-f1fb81b72d646848.compiler_builtins.30cbfbf4ef685395-cgu.226.rcgu.o: file format not recognized
nm: compiler_builtins-f1fb81b72d646848.compiler_builtins.30cbfbf4ef685395-cgu.227.rcgu.o: file format not recognized
nm: compiler_builtins-f1fb81b72d646848.compiler_builtins.30cbfbf4ef685395-cgu.228.rcgu.o: file format not recognized
nm: compiler_builtins-f1fb81b72d646848.compiler_builtins.30cbfbf4ef685395-cgu.229.rcgu.o: file format not recognized
nm: compiler_builtins-f1fb81b72d646848.compiler_builtins.30cbfbf4ef685395-cgu.230.rcgu.o: file format not recognized
nm: compiler_builtins-f1fb81b72d646848.compiler_builtins.30cbfbf4ef685395-cgu.231.rcgu.o: file format not recognized
nm: compiler_builtins-f1fb81b72d646848.compiler_builtins.30cbfbf4ef685395-cgu.232.rcgu.o: file format not recognized
nm: compiler_builtins-f1fb81b72d646848.compiler_builtins.30cbfbf4ef685395-cgu.233.rcgu.o: file format not recognized
nm: compiler_builtins-f1fb81b72d646848.compiler_builtins.30cbfbf4ef685395-cgu.234.rcgu.o: file format not recognized
nm: compiler_builtins-f1fb81b72d646848.compiler_builtins.30cbfbf4ef685395-cgu.235.rcgu.o: file format not recognized
nm: compiler_builtins-f1fb81b72d646848.compiler_builtins.30cbfbf4ef685395-cgu.236.rcgu.o: file format not recognized
nm: compiler_builtins-f1fb81b72d646848.compiler_builtins.30cbfbf4ef685395-cgu.237.rcgu.o: file format not recognized
nm: compiler_builtins-f1fb81b72d646848.compiler_builtins.30cbfbf4ef685395-cgu.238.rcgu.o: file format not recognized
nm: compiler_builtins-f1fb81b72d646848.compiler_builtins.30cbfbf4ef685395-cgu.239.rcgu.o: file format not recognized
nm: compiler_builtins-f1fb81b72d646848.compiler_builtins.30cbfbf4ef685395-cgu.240.rcgu.o: file format not recognized
nm: compiler_builtins-f1fb81b72d646848.compiler_builtins.30cbfbf4ef685395-cgu.241.rcgu.o: file format not recognized
nm: compiler_builtins-f1fb81b72d646848.compiler_builtins.30cbfbf4ef685395-cgu.242.rcgu.o: file format not recognized
nm: compiler_builtins-f1fb81b72d646848.compiler_builtins.30cbfbf4ef685395-cgu.243.rcgu.o: file format not recognized
nm: compiler_builtins-f1fb81b72d646848.compiler_builtins.30cbfbf4ef685395-cgu.244.rcgu.o: file format not recognized
nm: compiler_builtins-f1fb81b72d646848.compiler_builtins.30cbfbf4ef685395-cgu.245.rcgu.o: file format not recognized
nm: compiler_builtins-f1fb81b72d646848.compiler_builtins.30cbfbf4ef685395-cgu.246.rcgu.o: file format not recognized
nm: compiler_builtins-f1fb81b72d646848.compiler_builtins.30cbfbf4ef685395-cgu.247.rcgu.o: file format not recognized
nm: compiler_builtins-f1fb81b72d646848.compiler_builtins.30cbfbf4ef685395-cgu.248.rcgu.o: file format not recognized
nm: compiler_builtins-f1fb81b72d646848.compiler_builtins.30cbfbf4ef685395-cgu.249.rcgu.o: file format not recognized
nm: compiler_builtins-f1fb81b72d646848.compiler_builtins.30cbfbf4ef685395-cgu.250.rcgu.o: file format not recognized
nm: compiler_builtins-f1fb81b72d646848.compiler_builtins.30cbfbf4ef685395-cgu.251.rcgu.o: file format not recognized
nm: compiler_builtins-f1fb81b72d646848.compiler_builtins.30cbfbf4ef685395-cgu.252.rcgu.o: file format not recognized
nm: compiler_builtins-f1fb81b72d646848.compiler_builtins.30cbfbf4ef685395-cgu.253.rcgu.o: file format not recognized
nm: compiler_builtins-f1fb81b72d646848.compiler_builtins.30cbfbf4ef685395-cgu.254.rcgu.o: file format not recognized
nm: compiler_builtins-f1fb81b72d646848.compiler_builtins.30cbfbf4ef685395-cgu.255.rcgu.o: file format not recognized
nm: compiler_builtins-f1fb81b72d646848.compiler_builtins.30cbfbf4ef685395-cgu.256.rcgu.o: file format not recognized
nm: compiler_builtins-f1fb81b72d646848.compiler_builtins.30cbfbf4ef685395-cgu.257.rcgu.o: file format not recognized
nm: compiler_builtins-f1fb81b72d646848.compiler_builtins.30cbfbf4ef685395-cgu.258.rcgu.o: file format not recognized
nm: compiler_builtins-f1fb81b72d646848.compiler_builtins.30cbfbf4ef685395-cgu.259.rcgu.o: file format not recognized
nm: compiler_builtins-f1fb81b72d646848.compiler_builtins.30cbfbf4ef685395-cgu.260.rcgu.o: file format not recognized
nm: compiler_builtins-f1fb81b72d646848.compiler_builtins.30cbfbf4ef685395-cgu.261.rcgu.o: file format not recognized
nm: compiler_builtins-f1fb81b72d646848.compiler_builtins.30cbfbf4ef685395-cgu.262.rcgu.o: file format not recognized
nm: compiler_builtins-f1fb81b72d646848.compiler_builtins.30cbfbf4ef685395-cgu.263.rcgu.o: file format not recognized
nm: compiler_builtins-f1fb81b72d646848.compiler_builtins.30cbfbf4ef685395-cgu.264.rcgu.o: file format not recognized
nm: compiler_builtins-f1fb81b72d646848.compiler_builtins.30cbfbf4ef685395-cgu.265.rcgu.o: file format not recognized
nm: compiler_builtins-f1fb81b72d646848.compiler_builtins.30cbfbf4ef685395-cgu.266.rcgu.o: file format not recognized
nm: compiler_builtins-f1fb81b72d646848.compiler_builtins.30cbfbf4ef685395-cgu.267.rcgu.o: file format not recognized
nm: compiler_builtins-f1fb81b72d646848.compiler_builtins.30cbfbf4ef685395-cgu.268.rcgu.o: file format not recognized
nm: compiler_builtins-f1fb81b72d646848.compiler_builtins.30cbfbf4ef685395-cgu.269.rcgu.o: file format not recognized
nm: compiler_builtins-f1fb81b72d646848.compiler_builtins.30cbfbf4ef685395-cgu.270.rcgu.o: file format not recognized
nm: compiler_builtins-f1fb81b72d646848.compiler_builtins.30cbfbf4ef685395-cgu.271.rcgu.o: file format not recognized
nm: compiler_builtins-f1fb81b72d646848.compiler_builtins.30cbfbf4ef685395-cgu.272.rcgu.o: file format not recognized
nm: compiler_builtins-f1fb81b72d646848.compiler_builtins.30cbfbf4ef685395-cgu.273.rcgu.o: file format not recognized
nm: compiler_builtins-f1fb81b72d646848.compiler_builtins.30cbfbf4ef685395-cgu.274.rcgu.o: file format not recognized
nm: compiler_builtins-f1fb81b72d646848.compiler_builtins.30cbfbf4ef685395-cgu.275.rcgu.o: file format not recognized
nm: compiler_builtins-f1fb81b72d646848.compiler_builtins.30cbfbf4ef685395-cgu.276.rcgu.o: file format not recognized
nm: compiler_builtins-f1fb81b72d646848.compiler_builtins.30cbfbf4ef685395-cgu.277.rcgu.o: file format not recognized
nm: compiler_builtins-f1fb81b72d646848.compiler_builtins.30cbfbf4ef685395-cgu.278.rcgu.o: file format not recognized
nm: compiler_builtins-f1fb81b72d646848.compiler_builtins.30cbfbf4ef685395-cgu.279.rcgu.o: file format not recognized
nm: compiler_builtins-f1fb81b72d646848.compiler_builtins.30cbfbf4ef685395-cgu.280.rcgu.o: file format not recognized
nm: compiler_builtins-f1fb81b72d646848.compiler_builtins.30cbfbf4ef685395-cgu.281.rcgu.o: file format not recognized
nm: compiler_builtins-f1fb81b72d646848.compiler_builtins.30cbfbf4ef685395-cgu.282.rcgu.o: file format not recognized
nm: compiler_builtins-f1fb81b72d646848.compiler_builtins.30cbfbf4ef685395-cgu.283.rcgu.o: file format not recognized
nm: compiler_builtins-f1fb81b72d646848.compiler_builtins.30cbfbf4ef685395-cgu.284.rcgu.o: file format not recognized
nm: compiler_builtins-f1fb81b72d646848.compiler_builtins.30cbfbf4ef685395-cgu.285.rcgu.o: file format not recognized
nm: compiler_builtins-f1fb81b72d646848.compiler_builtins.30cbfbf4ef685395-cgu.286.rcgu.o: file format not recognized
nm: compiler_builtins-f1fb81b72d646848.compiler_builtins.30cbfbf4ef685395-cgu.287.rcgu.o: file format not recognized
nm: compiler_builtins-f1fb81b72d646848.compiler_builtins.30cbfbf4ef685395-cgu.288.rcgu.o: file format not recognized
nm: compiler_builtins-f1fb81b72d646848.compiler_builtins.30cbfbf4ef685395-cgu.289.rcgu.o: file format not recognized
nm: compiler_builtins-f1fb81b72d646848.compiler_builtins.30cbfbf4ef685395-cgu.290.rcgu.o: file format not recognized
nm: compiler_builtins-f1fb81b72d646848.compiler_builtins.30cbfbf4ef685395-cgu.291.rcgu.o: file format not recognized
nm: compiler_builtins-f1fb81b72d646848.compiler_builtins.30cbfbf4ef685395-cgu.292.rcgu.o: file format not recognized
nm: compiler_builtins-f1fb81b72d646848.compiler_builtins.30cbfbf4ef685395-cgu.293.rcgu.o: file format not recognized
nm: compiler_builtins-f1fb81b72d646848.compiler_builtins.30cbfbf4ef685395-cgu.294.rcgu.o: file format not recognized
nm: compiler_builtins-f1fb81b72d646848.compiler_builtins.30cbfbf4ef685395-cgu.295.rcgu.o: file format not recognized
nm: compiler_builtins-f1fb81b72d646848.compiler_builtins.30cbfbf4ef685395-cgu.296.rcgu.o: file format not recognized
nm: compiler_builtins-f1fb81b72d646848.compiler_builtins.30cbfbf4ef685395-cgu.297.rcgu.o: file format not recognized
nm: compiler_builtins-f1fb81b72d646848.compiler_builtins.30cbfbf4ef685395-cgu.298.rcgu.o: file format not recognized
nm: compiler_builtins-f1fb81b72d646848.compiler_builtins.30cbfbf4ef685395-cgu.299.rcgu.o: file format not recognized
nm: compiler_builtins-f1fb81b72d646848.compiler_builtins.30cbfbf4ef685395-cgu.300.rcgu.o: file format not recognized
nm: compiler_builtins-f1fb81b72d646848.compiler_builtins.30cbfbf4ef685395-cgu.301.rcgu.o: file format not recognized
nm: compiler_builtins-f1fb81b72d646848.compiler_builtins.30cbfbf4ef685395-cgu.302.rcgu.o: file format not recognized
nm: compiler_builtins-f1fb81b72d646848.compiler_builtins.30cbfbf4ef685395-cgu.303.rcgu.o: file format not recognized
nm: compiler_builtins-f1fb81b72d646848.compiler_builtins.30cbfbf4ef685395-cgu.304.rcgu.o: file format not recognized
nm: compiler_builtins-f1fb81b72d646848.compiler_builtins.30cbfbf4ef685395-cgu.305.rcgu.o: file format not recognized
nm: compiler_builtins-f1fb81b72d646848.compiler_builtins.30cbfbf4ef685395-cgu.306.rcgu.o: file format not recognized
nm: compiler_builtins-f1fb81b72d646848.compiler_builtins.30cbfbf4ef685395-cgu.307.rcgu.o: file format not recognized
nm: compiler_builtins-f1fb81b72d646848.compiler_builtins.30cbfbf4ef685395-cgu.308.rcgu.o: file format not recognized
nm: compiler_builtins-f1fb81b72d646848.compiler_builtins.30cbfbf4ef685395-cgu.309.rcgu.o: file format not recognized
nm: compiler_builtins-f1fb81b72d646848.compiler_builtins.30cbfbf4ef685395-cgu.310.rcgu.o: file format not recognized
nm: compiler_builtins-f1fb81b72d646848.compiler_builtins.30cbfbf4ef685395-cgu.311.rcgu.o: file format not recognized
nm: compiler_builtins-f1fb81b72d646848.compiler_builtins.30cbfbf4ef685395-cgu.312.rcgu.o: file format not recognized
nm: compiler_builtins-f1fb81b72d646848.compiler_builtins.30cbfbf4ef685395-cgu.313.rcgu.o: file format not recognized
nm: compiler_builtins-f1fb81b72d646848.compiler_builtins.30cbfbf4ef685395-cgu.314.rcgu.o: file format not recognized
nm: compiler_builtins-f1fb81b72d646848.compiler_builtins.30cbfbf4ef685395-cgu.315.rcgu.o: file format not recognized
nm: compiler_builtins-f1fb81b72d646848.compiler_builtins.30cbfbf4ef685395-cgu.316.rcgu.o: file format not recognized
nm: compiler_builtins-f1fb81b72d646848.compiler_builtins.30cbfbf4ef685395-cgu.317.rcgu.o: file format not recognized
nm: compiler_builtins-f1fb81b72d646848.compiler_builtins.30cbfbf4ef685395-cgu.318.rcgu.o: file format not recognized
nm: compiler_builtins-f1fb81b72d646848.compiler_builtins.30cbfbf4ef685395-cgu.319.rcgu.o: file format not recognized
nm: compiler_builtins-f1fb81b72d646848.compiler_builtins.30cbfbf4ef685395-cgu.320.rcgu.o: file format not recognized
nm: compiler_builtins-f1fb81b72d646848.compiler_builtins.30cbfbf4ef685395-cgu.321.rcgu.o: file format not recognized
nm: compiler_builtins-f1fb81b72d646848.compiler_builtins.30cbfbf4ef685395-cgu.322.rcgu.o: file format not recognized
nm: compiler_builtins-f1fb81b72d646848.compiler_builtins.30cbfbf4ef685395-cgu.323.rcgu.o: file format not recognized
nm: compiler_builtins-f1fb81b72d646848.compiler_builtins.30cbfbf4ef685395-cgu.324.rcgu.o: file format not recognized
nm: compiler_builtins-f1fb81b72d646848.compiler_builtins.30cbfbf4ef685395-cgu.325.rcgu.o: file format not recognized
nm: compiler_builtins-f1fb81b72d646848.compiler_builtins.30cbfbf4ef685395-cgu.326.rcgu.o: file format not recognized
nm: compiler_builtins-f1fb81b72d646848.compiler_builtins.30cbfbf4ef685395-cgu.327.rcgu.o: file format not recognized
nm: compiler_builtins-f1fb81b72d646848.compiler_builtins.30cbfbf4ef685395-cgu.328.rcgu.o: file format not recognized
nm: compiler_builtins-f1fb81b72d646848.compiler_builtins.30cbfbf4ef685395-cgu.329.rcgu.o: file format not recognized
nm: compiler_builtins-f1fb81b72d646848.compiler_builtins.30cbfbf4ef685395-cgu.330.rcgu.o: file format not recognized
nm: compiler_builtins-f1fb81b72d646848.compiler_builtins.30cbfbf4ef685395-cgu.331.rcgu.o: file format not recognized
nm: compiler_builtins-f1fb81b72d646848.compiler_builtins.30cbfbf4ef685395-cgu.332.rcgu.o: file format not recognized
nm: compiler_builtins-f1fb81b72d646848.compiler_builtins.30cbfbf4ef685395-cgu.333.rcgu.o: file format not recognized
nm: compiler_builtins-f1fb81b72d646848.compiler_builtins.30cbfbf4ef685395-cgu.334.rcgu.o: file format not recognized
